{
  "RSpec": {
    "coverage": {
      "/Users/jling/turing/2module/rails_project/jukebox_1806/spec/features/user_can_create_playlist_spec.rb": [
        1,
        null,
        1,
        1,
        1,
        1,
        null,
        1,
        1,
        null,
        1,
        1,
        null,
        null
      ],
      "/Users/jling/turing/2module/rails_project/jukebox_1806/spec/features/user_can_log_out_spec.rb": [
        1,
        null,
        1,
        1,
        1,
        1,
        1,
        null,
        1,
        null,
        1,
        null,
        1,
        1,
        null,
        1,
        1,
        1,
        null,
        1,
        1,
        null,
        null,
        null
      ],
      "/Users/jling/turing/2module/rails_project/jukebox_1806/spec/features/user_can_register_and_login_spec.rb": [
        null,
        null,
        null,
        null,
        null,
        null,
        null,
        null,
        null,
        null,
        1,
        null,
        1,
        1,
        1,
        1,
        null,
        1,
        null,
        1,
        null,
        1,
        null,
        1,
        1,
        null,
        1,
        null,
        1,
        null,
        null,
        1,
        1,
        1,
        null,
        1,
        null,
        1,
        null,
        1,
        null,
        1,
        1,
        null,
        1,
        1,
        null,
        null,
        1,
        1,
        null,
        1,
        1,
        null,
        1,
        null,
        1,
        null,
        1,
        1,
        null,
        1,
        null,
        1,
        1,
        null,
        1,
        null,
        1,
        1,
        null,
        1,
        null,
        1,
        null,
        1,
        1,
        null,
        1,
        null,
        1,
        1,
        null,
        null,
        null
      ],
      "/Users/jling/turing/2module/rails_project/jukebox_1806/spec/features/user_creates_new_song_spec.rb": [
        1,
        null,
        1,
        1,
        1,
        null,
        1,
        null,
        1,
        1,
        1,
        1,
        null,
        1,
        null,
        1,
        1,
        1,
        null,
        null,
        null
      ],
      "/Users/jling/turing/2module/rails_project/jukebox_1806/spec/features/user_sees_all_songs_spec.rb": [
        1,
        null,
        1,
        1,
        1,
        1,
        1,
        1,
        null,
        1,
        null,
        1,
        1,
        1,
        1,
        null,
        null
      ],
      "/Users/jling/turing/2module/rails_project/jukebox_1806/spec/models/artist_spec.rb": [
        1,
        null,
        1,
        1,
        2,
        null,
        null,
        1,
        2,
        null,
        null
      ],
      "/Users/jling/turing/2module/rails_project/jukebox_1806/app/models/artist.rb": [
        1,
        1,
        null,
        1,
        null
      ],
      "/Users/jling/turing/2module/rails_project/jukebox_1806/app/models/application_record.rb": [
        1,
        1,
        null
      ],
      "/Users/jling/turing/2module/rails_project/jukebox_1806/spec/models/playlist_spec.rb": [
        1,
        null,
        1,
        1,
        2,
        2,
        null,
        null
      ],
      "/Users/jling/turing/2module/rails_project/jukebox_1806/app/models/playlist.rb": [
        1,
        1,
        1,
        null
      ],
      "/Users/jling/turing/2module/rails_project/jukebox_1806/spec/models/song_spec.rb": [
        1,
        null,
        1,
        1,
        2,
        2,
        2,
        null,
        null
      ],
      "/Users/jling/turing/2module/rails_project/jukebox_1806/app/models/song.rb": [
        1,
        1,
        1,
        1,
        null
      ],
      "/Users/jling/turing/2module/rails_project/jukebox_1806/spec/models/user_spec.rb": [
        1,
        null,
        1,
        1,
        2,
        2,
        2,
        null,
        null
      ],
      "/Users/jling/turing/2module/rails_project/jukebox_1806/app/models/user.rb": [
        1,
        1,
        1,
        null,
        1,
        null
      ],
      "/Users/jling/turing/2module/rails_project/jukebox_1806/app/controllers/songs_controller.rb": [
        1,
        1,
        6,
        null,
        null,
        1,
        1,
        1,
        null,
        null,
        1,
        1,
        1,
        1,
        null,
        null,
        1,
        1,
        null,
        null,
        1,
        null,
        1,
        1,
        null,
        null
      ],
      "/Users/jling/turing/2module/rails_project/jukebox_1806/app/controllers/application_controller.rb": [
        1,
        1,
        null,
        1,
        null,
        1,
        26,
        null,
        null
      ],
      "/Users/jling/turing/2module/rails_project/jukebox_1806/app/controllers/sessions_controller.rb": [
        1,
        1,
        null,
        null,
        1,
        3,
        3,
        2,
        2,
        null,
        1,
        null,
        null,
        null,
        1,
        1,
        1,
        null,
        null
      ],
      "/Users/jling/turing/2module/rails_project/jukebox_1806/app/controllers/users_controller.rb": [
        1,
        1,
        2,
        null,
        null,
        1,
        2,
        2,
        1,
        1,
        null,
        1,
        null,
        null,
        null,
        1,
        3,
        null,
        null,
        1,
        1,
        2,
        null,
        null
      ],
      "/Users/jling/turing/2module/rails_project/jukebox_1806/app/models/playlist_song.rb": [
        1,
        1,
        1,
        null
      ],
      "/Users/jling/turing/2module/rails_project/jukebox_1806/app/controllers/artists_controller.rb": [
        1,
        null,
        1,
        1,
        null,
        null,
        1,
        1,
        1,
        1,
        null,
        0,
        null,
        null,
        null,
        1,
        1,
        null,
        null,
        1,
        1,
        1,
        null,
        null
      ],
      "/Users/jling/turing/2module/rails_project/jukebox_1806/app/controllers/playlists_controller.rb": [
        1,
        1,
        1,
        null,
        null,
        1,
        1,
        1,
        null,
        null,
        1,
        1,
        null,
        null,
        1,
        null,
        1,
        1,
        null,
        null
      ]
    },
    "timestamp": 1536084396
  }
}
